Performing C SOURCE FILE Test CMAKE_HAVE_LIBC_PTHREAD failed with the following output:
Change Dir: /home/bassam/projects/cubic-stylization-implementation/CMakeFiles/CMakeTmp

Run Build Command(s):/usr/bin/make -f Makefile cmTC_e01fb/fast && /usr/bin/make  -f CMakeFiles/cmTC_e01fb.dir/build.make CMakeFiles/cmTC_e01fb.dir/build
make[1]: Entering directory '/home/bassam/projects/cubic-stylization-implementation/CMakeFiles/CMakeTmp'
Building C object CMakeFiles/cmTC_e01fb.dir/src.c.o
/usr/lib/ccache/cc -DCMAKE_HAVE_LIBC_PTHREAD   -o CMakeFiles/cmTC_e01fb.dir/src.c.o -c /home/bassam/projects/cubic-stylization-implementation/CMakeFiles/CMakeTmp/src.c
Linking C executable cmTC_e01fb
/home/bassam/cmake-3.24.1-linux-x86_64/bin/cmake -E cmake_link_script CMakeFiles/cmTC_e01fb.dir/link.txt --verbose=1
/usr/lib/ccache/cc CMakeFiles/cmTC_e01fb.dir/src.c.o -o cmTC_e01fb 
/usr/bin/ld: CMakeFiles/cmTC_e01fb.dir/src.c.o: in function `main':
src.c:(.text+0x46): undefined reference to `pthread_create'
/usr/bin/ld: src.c:(.text+0x52): undefined reference to `pthread_detach'
/usr/bin/ld: src.c:(.text+0x5e): undefined reference to `pthread_cancel'
/usr/bin/ld: src.c:(.text+0x6f): undefined reference to `pthread_join'
collect2: error: ld returned 1 exit status
make[1]: *** [CMakeFiles/cmTC_e01fb.dir/build.make:99: cmTC_e01fb] Error 1
make[1]: Leaving directory '/home/bassam/projects/cubic-stylization-implementation/CMakeFiles/CMakeTmp'
make: *** [Makefile:127: cmTC_e01fb/fast] Error 2


Source file was:
#include <pthread.h>

static void* test_func(void* data)
{
  return data;
}

int main(void)
{
  pthread_t thread;
  pthread_create(&thread, NULL, test_func, NULL);
  pthread_detach(thread);
  pthread_cancel(thread);
  pthread_join(thread, NULL);
  pthread_atfork(NULL, NULL, NULL);
  pthread_exit(NULL);

  return 0;
}

Determining if the function pthread_create exists in the pthreads failed with the following output:
Change Dir: /home/bassam/projects/cubic-stylization-implementation/CMakeFiles/CMakeTmp

Run Build Command(s):/usr/bin/make -f Makefile cmTC_d9e19/fast && /usr/bin/make  -f CMakeFiles/cmTC_d9e19.dir/build.make CMakeFiles/cmTC_d9e19.dir/build
make[1]: Entering directory '/home/bassam/projects/cubic-stylization-implementation/CMakeFiles/CMakeTmp'
Building C object CMakeFiles/cmTC_d9e19.dir/CheckFunctionExists.c.o
/usr/lib/ccache/cc   -DCHECK_FUNCTION_EXISTS=pthread_create -o CMakeFiles/cmTC_d9e19.dir/CheckFunctionExists.c.o -c /home/bassam/cmake-3.24.1-linux-x86_64/share/cmake-3.24/Modules/CheckFunctionExists.c
Linking C executable cmTC_d9e19
/home/bassam/cmake-3.24.1-linux-x86_64/bin/cmake -E cmake_link_script CMakeFiles/cmTC_d9e19.dir/link.txt --verbose=1
/usr/lib/ccache/cc  -DCHECK_FUNCTION_EXISTS=pthread_create CMakeFiles/cmTC_d9e19.dir/CheckFunctionExists.c.o -o cmTC_d9e19  -lpthreads 
/usr/bin/ld: cannot find -lpthreads
collect2: error: ld returned 1 exit status
make[1]: *** [CMakeFiles/cmTC_d9e19.dir/build.make:99: cmTC_d9e19] Error 1
make[1]: Leaving directory '/home/bassam/projects/cubic-stylization-implementation/CMakeFiles/CMakeTmp'
make: *** [Makefile:127: cmTC_d9e19/fast] Error 2



